240229 20:50:11 mysqld_safe Starting mariadbd daemon with databases from /config/databases
2024-02-29 20:50:11 0 [Note] /usr/bin/mariadbd (mysqld 10.5.17-MariaDB-log) starting as process 409 ...
2024-02-29 20:50:11 0 [Note] InnoDB: Uses event mutexes
2024-02-29 20:50:11 0 [Note] InnoDB: Compressed tables use zlib 1.2.12
2024-02-29 20:50:11 0 [Note] InnoDB: Number of pools: 1
2024-02-29 20:50:11 0 [Note] InnoDB: Using generic crc32 instructions
2024-02-29 20:50:11 0 [Note] mariadbd: O_TMPFILE is not supported on /var/tmp (disabling future attempts)
2024-02-29 20:50:11 0 [Note] InnoDB: Using Linux native AIO
2024-02-29 20:50:11 0 [Note] InnoDB: Initializing buffer pool, total size = 268435456, chunk size = 134217728
2024-02-29 20:50:11 0 [Note] InnoDB: Completed initialization of buffer pool
2024-02-29 20:50:12 0 [Note] InnoDB: 128 rollback segments are active.
2024-02-29 20:50:12 0 [Note] InnoDB: Creating shared tablespace for temporary tables
2024-02-29 20:50:12 0 [Note] InnoDB: Setting file './ibtmp1' size to 12 MB. Physically writing the file full; Please wait ...
2024-02-29 20:50:12 0 [Note] InnoDB: File './ibtmp1' size is now 12 MB.
2024-02-29 20:50:12 0 [Note] InnoDB: 10.5.17 started; log sequence number 45118; transaction id 20
2024-02-29 20:50:12 0 [Note] InnoDB: Loading buffer pool(s) from /config/databases/ib_buffer_pool
2024-02-29 20:50:12 0 [Note] Plugin 'FEEDBACK' is disabled.
2024-02-29 20:50:12 0 [Note] InnoDB: Buffer pool(s) load completed at 240229 20:50:12
2024-02-29 20:50:12 0 [Note] Server socket created on IP: '::'.
2024-02-29 20:50:12 0 [Note] Reading of all Master_info entries succeeded
2024-02-29 20:50:12 0 [Note] Added new Master_info '' to hash table
2024-02-29 20:50:12 0 [Note] /usr/bin/mariadbd: ready for connections.
Version: '10.5.17-MariaDB-log'  socket: '/run/mysqld/mysqld.sock'  port: 3306  MariaDB Server
2024-03-01  7:29:49 0 [Note] /usr/bin/mariadbd (initiated by: unknown): Normal shutdown
2024-03-01  7:29:49 0 [Note] Event Scheduler: Purging the queue. 0 events
2024-03-01  7:29:49 0 [Note] InnoDB: FTS optimize thread exiting.
2024-03-01  7:29:49 0 [Note] InnoDB: Starting shutdown...
2024-03-01  7:29:49 0 [Note] InnoDB: Dumping buffer pool(s) to /config/databases/ib_buffer_pool
2024-03-01  7:29:49 0 [Note] InnoDB: Buffer pool(s) dump completed at 240301  7:29:49
2024-03-01  7:29:50 0 [Note] InnoDB: Removed temporary tablespace data file: "ibtmp1"
2024-03-01  7:29:50 0 [Note] InnoDB: Shutdown completed; log sequence number 45130; transaction id 21
2024-03-01  7:29:50 0 [Note] /usr/bin/mariadbd: Shutdown complete

240301 07:29:50 mysqld_safe mysqld from pid file /var/run/mysqld/mysqld.pid ended
240301 07:30:36 mysqld_safe Starting mariadbd daemon with databases from /config/databases
2024-03-01  7:30:39 0 [Note] /usr/bin/mariadbd (mysqld 10.5.17-MariaDB-log) starting as process 330 ...
2024-03-01  7:30:40 0 [Note] InnoDB: Uses event mutexes
2024-03-01  7:30:40 0 [Note] InnoDB: Compressed tables use zlib 1.2.12
2024-03-01  7:30:40 0 [Note] InnoDB: Number of pools: 1
2024-03-01  7:30:40 0 [Note] InnoDB: Using generic crc32 instructions
2024-03-01  7:30:40 0 [Note] mariadbd: O_TMPFILE is not supported on /var/tmp (disabling future attempts)
2024-03-01  7:30:40 0 [Note] InnoDB: Using Linux native AIO
2024-03-01  7:30:40 0 [Note] InnoDB: Initializing buffer pool, total size = 268435456, chunk size = 134217728
2024-03-01  7:30:40 0 [Note] InnoDB: Completed initialization of buffer pool
2024-03-01  7:30:41 0 [Note] InnoDB: 128 rollback segments are active.
2024-03-01  7:30:41 0 [Note] InnoDB: Creating shared tablespace for temporary tables
2024-03-01  7:30:41 0 [Note] InnoDB: Setting file './ibtmp1' size to 12 MB. Physically writing the file full; Please wait ...
2024-03-01  7:30:41 0 [Note] InnoDB: File './ibtmp1' size is now 12 MB.
2024-03-01  7:30:41 0 [Note] InnoDB: 10.5.17 started; log sequence number 45130; transaction id 20
2024-03-01  7:30:41 0 [Note] InnoDB: Loading buffer pool(s) from /config/databases/ib_buffer_pool
2024-03-01  7:30:41 0 [Note] Plugin 'FEEDBACK' is disabled.
2024-03-01  7:30:41 0 [Note] InnoDB: Buffer pool(s) load completed at 240301  7:30:41
2024-03-01  7:30:41 0 [Note] Server socket created on IP: '::'.
2024-03-01  7:30:41 0 [Note] Reading of all Master_info entries succeeded
2024-03-01  7:30:41 0 [Note] Added new Master_info '' to hash table
2024-03-01  7:30:41 0 [Note] /usr/bin/mariadbd: ready for connections.
Version: '10.5.17-MariaDB-log'  socket: '/run/mysqld/mysqld.sock'  port: 3306  MariaDB Server
2024-03-01  7:31:10 0 [Note] /usr/bin/mariadbd (initiated by: unknown): Normal shutdown
2024-03-01  7:31:10 0 [Note] Event Scheduler: Purging the queue. 0 events
2024-03-01  7:31:10 0 [Note] InnoDB: FTS optimize thread exiting.
2024-03-01  7:31:10 0 [Note] InnoDB: Starting shutdown...
2024-03-01  7:31:10 0 [Note] InnoDB: Dumping buffer pool(s) to /config/databases/ib_buffer_pool
2024-03-01  7:31:10 0 [Note] InnoDB: Buffer pool(s) dump completed at 240301  7:31:10
2024-03-01  7:31:10 0 [Note] InnoDB: Removed temporary tablespace data file: "ibtmp1"
2024-03-01  7:31:10 0 [Note] InnoDB: Shutdown completed; log sequence number 45142; transaction id 21
2024-03-01  7:31:10 0 [Note] /usr/bin/mariadbd: Shutdown complete

240301 07:31:10 mysqld_safe mysqld from pid file /var/run/mysqld/mysqld.pid ended
240301 07:33:21 mysqld_safe Starting mariadbd daemon with databases from /config/databases
2024-03-01  7:33:21 0 [Note] /usr/bin/mariadbd (mysqld 10.5.17-MariaDB-log) starting as process 330 ...
2024-03-01  7:33:22 0 [Note] InnoDB: Uses event mutexes
2024-03-01  7:33:22 0 [Note] InnoDB: Compressed tables use zlib 1.2.12
2024-03-01  7:33:22 0 [Note] InnoDB: Number of pools: 1
2024-03-01  7:33:22 0 [Note] InnoDB: Using generic crc32 instructions
2024-03-01  7:33:22 0 [Note] mariadbd: O_TMPFILE is not supported on /var/tmp (disabling future attempts)
2024-03-01  7:33:22 0 [Note] InnoDB: Using Linux native AIO
2024-03-01  7:33:22 0 [Note] InnoDB: Initializing buffer pool, total size = 268435456, chunk size = 134217728
2024-03-01  7:33:22 0 [Note] InnoDB: Completed initialization of buffer pool
2024-03-01  7:33:22 0 [Note] InnoDB: 128 rollback segments are active.
2024-03-01  7:33:22 0 [Note] InnoDB: Creating shared tablespace for temporary tables
2024-03-01  7:33:22 0 [Note] InnoDB: Setting file './ibtmp1' size to 12 MB. Physically writing the file full; Please wait ...
2024-03-01  7:33:22 0 [Note] InnoDB: File './ibtmp1' size is now 12 MB.
2024-03-01  7:33:22 0 [Note] InnoDB: 10.5.17 started; log sequence number 45142; transaction id 20
2024-03-01  7:33:22 0 [Note] InnoDB: Loading buffer pool(s) from /config/databases/ib_buffer_pool
2024-03-01  7:33:22 0 [Note] Plugin 'FEEDBACK' is disabled.
2024-03-01  7:33:22 0 [Note] InnoDB: Buffer pool(s) load completed at 240301  7:33:22
2024-03-01  7:33:22 0 [Note] Server socket created on IP: '::'.
2024-03-01  7:33:22 0 [Note] Reading of all Master_info entries succeeded
2024-03-01  7:33:22 0 [Note] Added new Master_info '' to hash table
2024-03-01  7:33:22 0 [Note] /usr/bin/mariadbd: ready for connections.
Version: '10.5.17-MariaDB-log'  socket: '/run/mysqld/mysqld.sock'  port: 3306  MariaDB Server
2024-03-01  7:35:06 0 [Note] /usr/bin/mariadbd (initiated by: unknown): Normal shutdown
2024-03-01  7:35:06 0 [Note] Event Scheduler: Purging the queue. 0 events
2024-03-01  7:35:06 0 [Note] InnoDB: FTS optimize thread exiting.
2024-03-01  7:35:06 0 [Note] InnoDB: Starting shutdown...
2024-03-01  7:35:06 0 [Note] InnoDB: Dumping buffer pool(s) to /config/databases/ib_buffer_pool
2024-03-01  7:35:06 0 [Note] InnoDB: Buffer pool(s) dump completed at 240301  7:35:06
2024-03-01  7:35:06 0 [Note] InnoDB: Removed temporary tablespace data file: "ibtmp1"
2024-03-01  7:35:06 0 [Note] InnoDB: Shutdown completed; log sequence number 45154; transaction id 21
2024-03-01  7:35:07 0 [Note] /usr/bin/mariadbd: Shutdown complete

240301 07:35:07 mysqld_safe mysqld from pid file /var/run/mysqld/mysqld.pid ended
240301 07:35:27 mysqld_safe Starting mariadbd daemon with databases from /config/databases
2024-03-01  7:35:27 0 [Note] /usr/bin/mariadbd (mysqld 10.5.17-MariaDB-log) starting as process 330 ...
2024-03-01  7:35:27 0 [Note] InnoDB: Uses event mutexes
2024-03-01  7:35:27 0 [Note] InnoDB: Compressed tables use zlib 1.2.12
2024-03-01  7:35:27 0 [Note] InnoDB: Number of pools: 1
2024-03-01  7:35:27 0 [Note] InnoDB: Using generic crc32 instructions
2024-03-01  7:35:27 0 [Note] mariadbd: O_TMPFILE is not supported on /var/tmp (disabling future attempts)
2024-03-01  7:35:27 0 [Note] InnoDB: Using Linux native AIO
2024-03-01  7:35:27 0 [Note] InnoDB: Initializing buffer pool, total size = 268435456, chunk size = 134217728
2024-03-01  7:35:27 0 [Note] InnoDB: Completed initialization of buffer pool
2024-03-01  7:35:27 0 [Note] InnoDB: 128 rollback segments are active.
2024-03-01  7:35:27 0 [Note] InnoDB: Creating shared tablespace for temporary tables
2024-03-01  7:35:27 0 [Note] InnoDB: Setting file './ibtmp1' size to 12 MB. Physically writing the file full; Please wait ...
2024-03-01  7:35:27 0 [Note] InnoDB: File './ibtmp1' size is now 12 MB.
2024-03-01  7:35:27 0 [Note] InnoDB: 10.5.17 started; log sequence number 45154; transaction id 20
2024-03-01  7:35:27 0 [Note] InnoDB: Loading buffer pool(s) from /config/databases/ib_buffer_pool
2024-03-01  7:35:27 0 [Note] Plugin 'FEEDBACK' is disabled.
2024-03-01  7:35:27 0 [Note] InnoDB: Buffer pool(s) load completed at 240301  7:35:27
2024-03-01  7:35:27 0 [Note] Server socket created on IP: '::'.
2024-03-01  7:35:27 0 [Note] Reading of all Master_info entries succeeded
2024-03-01  7:35:27 0 [Note] Added new Master_info '' to hash table
2024-03-01  7:35:27 0 [Note] /usr/bin/mariadbd: ready for connections.
Version: '10.5.17-MariaDB-log'  socket: '/run/mysqld/mysqld.sock'  port: 3306  MariaDB Server
2024-03-01  8:30:30 0 [Note] /usr/bin/mariadbd (initiated by: unknown): Normal shutdown
2024-03-01  8:30:30 0 [Note] Event Scheduler: Purging the queue. 0 events
2024-03-01  8:30:30 0 [Note] InnoDB: FTS optimize thread exiting.
2024-03-01  8:30:31 0 [Note] InnoDB: Starting shutdown...
2024-03-01  8:30:31 0 [Note] InnoDB: Dumping buffer pool(s) to /config/databases/ib_buffer_pool
2024-03-01  8:30:31 0 [Note] InnoDB: Buffer pool(s) dump completed at 240301  8:30:31
2024-03-01  8:30:31 0 [Note] InnoDB: Removed temporary tablespace data file: "ibtmp1"
2024-03-01  8:30:31 0 [Note] InnoDB: Shutdown completed; log sequence number 45166; transaction id 21
2024-03-01  8:30:32 0 [Note] /usr/bin/mariadbd: Shutdown complete

240301 08:30:32 mysqld_safe mysqld from pid file /var/run/mysqld/mysqld.pid ended
240301 10:46:43 mysqld_safe Starting mariadbd daemon with databases from /config/databases
2024-03-01 10:46:47 0 [Note] /usr/bin/mariadbd (mysqld 10.5.17-MariaDB-log) starting as process 330 ...
2024-03-01 10:46:48 0 [Note] InnoDB: Uses event mutexes
2024-03-01 10:46:48 0 [Note] InnoDB: Compressed tables use zlib 1.2.12
2024-03-01 10:46:48 0 [Note] InnoDB: Number of pools: 1
2024-03-01 10:46:48 0 [Note] InnoDB: Using generic crc32 instructions
2024-03-01 10:46:48 0 [Note] mariadbd: O_TMPFILE is not supported on /var/tmp (disabling future attempts)
2024-03-01 10:46:49 0 [Note] InnoDB: Using Linux native AIO
2024-03-01 10:46:49 0 [Note] InnoDB: Initializing buffer pool, total size = 268435456, chunk size = 134217728
2024-03-01 10:46:49 0 [Note] InnoDB: Completed initialization of buffer pool
2024-03-01 10:46:51 0 [Note] InnoDB: 128 rollback segments are active.
2024-03-01 10:46:51 0 [Note] InnoDB: Creating shared tablespace for temporary tables
2024-03-01 10:46:51 0 [Note] InnoDB: Setting file './ibtmp1' size to 12 MB. Physically writing the file full; Please wait ...
2024-03-01 10:46:51 0 [Note] InnoDB: File './ibtmp1' size is now 12 MB.
2024-03-01 10:46:51 0 [Note] InnoDB: 10.5.17 started; log sequence number 45166; transaction id 20
2024-03-01 10:46:51 0 [Note] InnoDB: Loading buffer pool(s) from /config/databases/ib_buffer_pool
2024-03-01 10:46:51 0 [Note] Plugin 'FEEDBACK' is disabled.
2024-03-01 10:46:51 0 [Note] InnoDB: Buffer pool(s) load completed at 240301 10:46:51
2024-03-01 10:46:52 0 [Note] Server socket created on IP: '::'.
2024-03-01 10:46:52 0 [Note] Reading of all Master_info entries succeeded
2024-03-01 10:46:52 0 [Note] Added new Master_info '' to hash table
2024-03-01 10:46:52 0 [Note] /usr/bin/mariadbd: ready for connections.
Version: '10.5.17-MariaDB-log'  socket: '/run/mysqld/mysqld.sock'  port: 3306  MariaDB Server
2024-03-01 10:47:02 0 [Note] /usr/bin/mariadbd (initiated by: unknown): Normal shutdown
2024-03-01 10:47:02 0 [Note] Event Scheduler: Purging the queue. 0 events
2024-03-01 10:47:02 0 [Note] InnoDB: FTS optimize thread exiting.
2024-03-01 10:47:02 0 [Note] InnoDB: Starting shutdown...
2024-03-01 10:47:02 0 [Note] InnoDB: Dumping buffer pool(s) to /config/databases/ib_buffer_pool
2024-03-01 10:47:02 0 [Note] InnoDB: Buffer pool(s) dump completed at 240301 10:47:02
2024-03-01 10:47:02 0 [Note] InnoDB: Removed temporary tablespace data file: "ibtmp1"
2024-03-01 10:47:02 0 [Note] InnoDB: Shutdown completed; log sequence number 45178; transaction id 21
2024-03-01 10:47:02 0 [Note] /usr/bin/mariadbd: Shutdown complete

240301 10:47:03 mysqld_safe mysqld from pid file /var/run/mysqld/mysqld.pid ended
240301 10:47:56 mysqld_safe Starting mariadbd daemon with databases from /config/databases
2024-03-01 10:48:00 0 [Note] /usr/bin/mariadbd (mysqld 10.5.17-MariaDB-log) starting as process 330 ...
2024-03-01 10:48:01 0 [Note] InnoDB: Uses event mutexes
2024-03-01 10:48:01 0 [Note] InnoDB: Compressed tables use zlib 1.2.12
2024-03-01 10:48:01 0 [Note] InnoDB: Number of pools: 1
2024-03-01 10:48:01 0 [Note] InnoDB: Using generic crc32 instructions
2024-03-01 10:48:01 0 [Note] mariadbd: O_TMPFILE is not supported on /var/tmp (disabling future attempts)
2024-03-01 10:48:01 0 [Note] InnoDB: Using Linux native AIO
2024-03-01 10:48:01 0 [Note] InnoDB: Initializing buffer pool, total size = 268435456, chunk size = 134217728
2024-03-01 10:48:01 0 [Note] InnoDB: Completed initialization of buffer pool
2024-03-01 10:48:02 0 [Note] InnoDB: 128 rollback segments are active.
2024-03-01 10:48:03 0 [Note] InnoDB: Creating shared tablespace for temporary tables
2024-03-01 10:48:03 0 [Note] InnoDB: Setting file './ibtmp1' size to 12 MB. Physically writing the file full; Please wait ...
2024-03-01 10:48:03 0 [Note] InnoDB: File './ibtmp1' size is now 12 MB.
2024-03-01 10:48:03 0 [Note] InnoDB: 10.5.17 started; log sequence number 45178; transaction id 20
2024-03-01 10:48:03 0 [Note] Plugin 'FEEDBACK' is disabled.
2024-03-01 10:48:03 0 [Note] InnoDB: Loading buffer pool(s) from /config/databases/ib_buffer_pool
2024-03-01 10:48:03 0 [Note] InnoDB: Buffer pool(s) load completed at 240301 10:48:03
2024-03-01 10:48:03 0 [Note] Server socket created on IP: '::'.
2024-03-01 10:48:04 0 [Note] Reading of all Master_info entries succeeded
2024-03-01 10:48:04 0 [Note] Added new Master_info '' to hash table
2024-03-01 10:48:04 0 [Note] /usr/bin/mariadbd: ready for connections.
Version: '10.5.17-MariaDB-log'  socket: '/run/mysqld/mysqld.sock'  port: 3306  MariaDB Server
2024-03-01 11:20:28 4 [Warning] IP address '10.5.0.1' could not be resolved: Name does not resolve
2024-03-01 11:25:14 0 [Note] /usr/bin/mariadbd (initiated by: unknown): Normal shutdown
2024-03-01 11:25:15 0 [Note] Event Scheduler: Purging the queue. 0 events
2024-03-01 11:25:16 0 [Note] InnoDB: FTS optimize thread exiting.
2024-03-01 11:25:17 0 [Note] InnoDB: Starting shutdown...
2024-03-01 11:25:17 0 [Note] InnoDB: Dumping buffer pool(s) to /config/databases/ib_buffer_pool
2024-03-01 11:25:17 0 [Note] InnoDB: Buffer pool(s) dump completed at 240301 11:25:17
2024-03-01 11:25:17 0 [Note] InnoDB: Removed temporary tablespace data file: "ibtmp1"
2024-03-01 11:25:17 0 [Note] InnoDB: Shutdown completed; log sequence number 45190; transaction id 21
2024-03-01 11:25:18 0 [Note] /usr/bin/mariadbd: Shutdown complete

240301 11:25:18 mysqld_safe mysqld from pid file /var/run/mysqld/mysqld.pid ended
240301 11:27:17 mysqld_safe Starting mariadbd daemon with databases from /config/databases
2024-03-01 11:27:24 0 [Note] /usr/bin/mariadbd (mysqld 10.5.17-MariaDB-log) starting as process 330 ...
2024-03-01 11:27:25 0 [Note] InnoDB: Uses event mutexes
2024-03-01 11:27:25 0 [Note] InnoDB: Compressed tables use zlib 1.2.12
2024-03-01 11:27:25 0 [Note] InnoDB: Number of pools: 1
2024-03-01 11:27:25 0 [Note] InnoDB: Using generic crc32 instructions
2024-03-01 11:27:25 0 [Note] mariadbd: O_TMPFILE is not supported on /var/tmp (disabling future attempts)
2024-03-01 11:27:25 0 [Note] InnoDB: Using Linux native AIO
2024-03-01 11:27:25 0 [Note] InnoDB: Initializing buffer pool, total size = 268435456, chunk size = 134217728
2024-03-01 11:27:25 0 [Note] InnoDB: Completed initialization of buffer pool
2024-03-01 11:27:31 0 [Note] InnoDB: 128 rollback segments are active.
2024-03-01 11:27:31 0 [Note] InnoDB: Creating shared tablespace for temporary tables
2024-03-01 11:27:31 0 [Note] InnoDB: Setting file './ibtmp1' size to 12 MB. Physically writing the file full; Please wait ...
2024-03-01 11:27:31 0 [Note] InnoDB: File './ibtmp1' size is now 12 MB.
2024-03-01 11:27:31 0 [Note] InnoDB: 10.5.17 started; log sequence number 45190; transaction id 20
2024-03-01 11:27:31 0 [Note] Plugin 'FEEDBACK' is disabled.
2024-03-01 11:27:31 0 [Note] InnoDB: Loading buffer pool(s) from /config/databases/ib_buffer_pool
2024-03-01 11:27:32 0 [Note] InnoDB: Buffer pool(s) load completed at 240301 11:27:32
2024-03-01 11:27:32 0 [Note] Server socket created on IP: '::'.
2024-03-01 11:27:33 0 [Note] Reading of all Master_info entries succeeded
2024-03-01 11:27:33 0 [Note] Added new Master_info '' to hash table
2024-03-01 11:27:33 0 [Note] /usr/bin/mariadbd: ready for connections.
Version: '10.5.17-MariaDB-log'  socket: '/run/mysqld/mysqld.sock'  port: 3306  MariaDB Server
2024-03-01 11:34:40 0 [Note] /usr/bin/mariadbd (initiated by: unknown): Normal shutdown
2024-03-01 11:34:40 0 [Note] Event Scheduler: Purging the queue. 0 events
2024-03-01 11:34:40 0 [Note] InnoDB: FTS optimize thread exiting.
2024-03-01 11:34:40 0 [Note] InnoDB: Starting shutdown...
2024-03-01 11:34:40 0 [Note] InnoDB: Dumping buffer pool(s) to /config/databases/ib_buffer_pool
2024-03-01 11:34:40 0 [Note] InnoDB: Buffer pool(s) dump completed at 240301 11:34:40
2024-03-01 11:34:41 0 [Note] InnoDB: Removed temporary tablespace data file: "ibtmp1"
2024-03-01 11:34:41 0 [Note] InnoDB: Shutdown completed; log sequence number 45202; transaction id 21
2024-03-01 11:34:41 0 [Note] /usr/bin/mariadbd: Shutdown complete

240301 11:34:41 mysqld_safe mysqld from pid file /var/run/mysqld/mysqld.pid ended
240301 11:52:56 mysqld_safe Starting mariadbd daemon with databases from /config/databases
2024-03-01 11:52:59 0 [Note] /usr/bin/mariadbd (mysqld 10.5.17-MariaDB-log) starting as process 329 ...
2024-03-01 11:52:59 0 [Note] InnoDB: Uses event mutexes
2024-03-01 11:52:59 0 [Note] InnoDB: Compressed tables use zlib 1.2.12
2024-03-01 11:52:59 0 [Note] InnoDB: Number of pools: 1
2024-03-01 11:53:00 0 [Note] InnoDB: Using generic crc32 instructions
2024-03-01 11:53:00 0 [Note] mariadbd: O_TMPFILE is not supported on /var/tmp (disabling future attempts)
2024-03-01 11:53:00 0 [Note] InnoDB: Using Linux native AIO
2024-03-01 11:53:00 0 [Note] InnoDB: Initializing buffer pool, total size = 268435456, chunk size = 134217728
2024-03-01 11:53:00 0 [Note] InnoDB: Completed initialization of buffer pool
2024-03-01 11:53:00 0 [Note] InnoDB: 128 rollback segments are active.
2024-03-01 11:53:01 0 [Note] InnoDB: Creating shared tablespace for temporary tables
2024-03-01 11:53:01 0 [Note] InnoDB: Setting file './ibtmp1' size to 12 MB. Physically writing the file full; Please wait ...
2024-03-01 11:53:01 0 [Note] InnoDB: File './ibtmp1' size is now 12 MB.
2024-03-01 11:53:01 0 [Note] InnoDB: 10.5.17 started; log sequence number 45202; transaction id 20
2024-03-01 11:53:01 0 [Note] Plugin 'FEEDBACK' is disabled.
2024-03-01 11:53:01 0 [Note] InnoDB: Loading buffer pool(s) from /config/databases/ib_buffer_pool
2024-03-01 11:53:01 0 [Note] InnoDB: Buffer pool(s) load completed at 240301 11:53:01
2024-03-01 11:53:01 0 [Note] Server socket created on IP: '::'.
2024-03-01 11:53:01 0 [Note] Reading of all Master_info entries succeeded
2024-03-01 11:53:01 0 [Note] Added new Master_info '' to hash table
2024-03-01 11:53:01 0 [Note] /usr/bin/mariadbd: ready for connections.
Version: '10.5.17-MariaDB-log'  socket: '/run/mysqld/mysqld.sock'  port: 3306  MariaDB Server
2024-03-01 12:19:50 0 [Note] /usr/bin/mariadbd (initiated by: unknown): Normal shutdown
2024-03-01 12:19:50 0 [Note] Event Scheduler: Purging the queue. 0 events
2024-03-01 12:19:50 0 [Note] InnoDB: FTS optimize thread exiting.
2024-03-01 12:19:50 0 [Note] InnoDB: Starting shutdown...
2024-03-01 12:19:50 0 [Note] InnoDB: Dumping buffer pool(s) to /config/databases/ib_buffer_pool
2024-03-01 12:19:50 0 [Note] InnoDB: Buffer pool(s) dump completed at 240301 12:19:50
2024-03-01 12:19:53 0 [Note] InnoDB: Removed temporary tablespace data file: "ibtmp1"
2024-03-01 12:19:53 0 [Note] InnoDB: Shutdown completed; log sequence number 937243; transaction id 930
2024-03-01 12:19:54 0 [Note] /usr/bin/mariadbd: Shutdown complete

240301 12:19:54 mysqld_safe mysqld from pid file /var/run/mysqld/mysqld.pid ended
240301 12:20:13 mysqld_safe Starting mariadbd daemon with databases from /config/databases
2024-03-01 12:20:13 0 [Note] /usr/bin/mariadbd (mysqld 10.5.17-MariaDB-log) starting as process 330 ...
2024-03-01 12:20:13 0 [Note] InnoDB: Uses event mutexes
2024-03-01 12:20:13 0 [Note] InnoDB: Compressed tables use zlib 1.2.12
2024-03-01 12:20:13 0 [Note] InnoDB: Number of pools: 1
2024-03-01 12:20:13 0 [Note] InnoDB: Using generic crc32 instructions
2024-03-01 12:20:13 0 [Note] mariadbd: O_TMPFILE is not supported on /var/tmp (disabling future attempts)
2024-03-01 12:20:13 0 [Note] InnoDB: Using Linux native AIO
2024-03-01 12:20:13 0 [Note] InnoDB: Initializing buffer pool, total size = 268435456, chunk size = 134217728
2024-03-01 12:20:13 0 [Note] InnoDB: Completed initialization of buffer pool
2024-03-01 12:20:14 0 [Note] InnoDB: 128 rollback segments are active.
2024-03-01 12:20:14 0 [Note] InnoDB: Creating shared tablespace for temporary tables
2024-03-01 12:20:14 0 [Note] InnoDB: Setting file './ibtmp1' size to 12 MB. Physically writing the file full; Please wait ...
2024-03-01 12:20:14 0 [Note] InnoDB: File './ibtmp1' size is now 12 MB.
2024-03-01 12:20:14 0 [Note] InnoDB: 10.5.17 started; log sequence number 937243; transaction id 931
2024-03-01 12:20:14 0 [Note] Plugin 'FEEDBACK' is disabled.
2024-03-01 12:20:14 0 [Note] InnoDB: Loading buffer pool(s) from /config/databases/ib_buffer_pool
2024-03-01 12:20:15 0 [Note] Server socket created on IP: '::'.
2024-03-01 12:20:15 0 [Note] Reading of all Master_info entries succeeded
2024-03-01 12:20:15 0 [Note] Added new Master_info '' to hash table
2024-03-01 12:20:15 0 [Note] /usr/bin/mariadbd: ready for connections.
Version: '10.5.17-MariaDB-log'  socket: '/run/mysqld/mysqld.sock'  port: 3306  MariaDB Server
2024-03-01 12:20:15 0 [Note] InnoDB: Buffer pool(s) load completed at 240301 12:20:15
2024-03-01 12:25:23 0 [Note] /usr/bin/mariadbd (initiated by: unknown): Normal shutdown
2024-03-01 12:25:23 0 [Note] Event Scheduler: Purging the queue. 0 events
2024-03-01 12:25:23 0 [Note] InnoDB: FTS optimize thread exiting.
2024-03-01 12:25:23 0 [Note] InnoDB: Starting shutdown...
2024-03-01 12:25:23 0 [Note] InnoDB: Dumping buffer pool(s) to /config/databases/ib_buffer_pool
2024-03-01 12:25:23 0 [Note] InnoDB: Buffer pool(s) dump completed at 240301 12:25:23
2024-03-01 12:25:23 0 [Note] InnoDB: Removed temporary tablespace data file: "ibtmp1"
2024-03-01 12:25:23 0 [Note] InnoDB: Shutdown completed; log sequence number 937255; transaction id 932
2024-03-01 12:25:23 0 [Note] /usr/bin/mariadbd: Shutdown complete

240301 12:25:23 mysqld_safe mysqld from pid file /var/run/mysqld/mysqld.pid ended
240301 13:13:39 mysqld_safe Starting mariadbd daemon with databases from /config/databases
2024-03-01 13:13:42 0 [Note] /usr/bin/mariadbd (mysqld 10.5.17-MariaDB-log) starting as process 326 ...
2024-03-01 13:13:43 0 [Note] InnoDB: Uses event mutexes
2024-03-01 13:13:43 0 [Note] InnoDB: Compressed tables use zlib 1.2.12
2024-03-01 13:13:43 0 [Note] InnoDB: Number of pools: 1
2024-03-01 13:13:44 0 [Note] InnoDB: Using generic crc32 instructions
2024-03-01 13:13:44 0 [Note] mariadbd: O_TMPFILE is not supported on /var/tmp (disabling future attempts)
2024-03-01 13:13:44 0 [Note] InnoDB: Using Linux native AIO
2024-03-01 13:13:44 0 [Note] InnoDB: Initializing buffer pool, total size = 268435456, chunk size = 134217728
2024-03-01 13:13:44 0 [Note] InnoDB: Completed initialization of buffer pool
2024-03-01 13:13:46 0 [Note] InnoDB: 128 rollback segments are active.
2024-03-01 13:13:46 0 [Note] InnoDB: Creating shared tablespace for temporary tables
2024-03-01 13:13:46 0 [Note] InnoDB: Setting file './ibtmp1' size to 12 MB. Physically writing the file full; Please wait ...
2024-03-01 13:13:46 0 [Note] InnoDB: File './ibtmp1' size is now 12 MB.
2024-03-01 13:13:46 0 [Note] InnoDB: 10.5.17 started; log sequence number 937255; transaction id 931
2024-03-01 13:13:46 0 [Note] InnoDB: Loading buffer pool(s) from /config/databases/ib_buffer_pool
2024-03-01 13:13:46 0 [Note] Plugin 'FEEDBACK' is disabled.
2024-03-01 13:13:46 0 [Note] Server socket created on IP: '::'.
2024-03-01 13:13:46 0 [Note] Reading of all Master_info entries succeeded
2024-03-01 13:13:46 0 [Note] Added new Master_info '' to hash table
2024-03-01 13:13:46 0 [Note] /usr/bin/mariadbd: ready for connections.
Version: '10.5.17-MariaDB-log'  socket: '/run/mysqld/mysqld.sock'  port: 3306  MariaDB Server
2024-03-01 13:13:47 0 [Note] InnoDB: Buffer pool(s) load completed at 240301 13:13:47
2024-03-01 13:27:48 0 [Note] /usr/bin/mariadbd (initiated by: unknown): Normal shutdown
2024-03-01 13:27:49 0 [Note] Event Scheduler: Purging the queue. 0 events
2024-03-01 13:27:50 0 [Note] InnoDB: FTS optimize thread exiting.
2024-03-01 13:27:50 0 [Note] InnoDB: Starting shutdown...
2024-03-01 13:27:50 0 [Note] InnoDB: Dumping buffer pool(s) to /config/databases/ib_buffer_pool
2024-03-01 13:27:50 0 [Note] InnoDB: Buffer pool(s) dump completed at 240301 13:27:50
2024-03-01 13:27:51 0 [Note] InnoDB: Removed temporary tablespace data file: "ibtmp1"
2024-03-01 13:27:51 0 [Note] InnoDB: Shutdown completed; log sequence number 938692; transaction id 956
2024-03-01 13:27:51 0 [Note] /usr/bin/mariadbd: Shutdown complete

240301 13:27:51 mysqld_safe mysqld from pid file /var/run/mysqld/mysqld.pid ended
240301 13:29:39 mysqld_safe Starting mariadbd daemon with databases from /config/databases
2024-03-01 13:29:43 0 [Note] /usr/bin/mariadbd (mysqld 10.5.17-MariaDB-log) starting as process 330 ...
2024-03-01 13:29:45 0 [Note] InnoDB: Uses event mutexes
2024-03-01 13:29:45 0 [Note] InnoDB: Compressed tables use zlib 1.2.12
2024-03-01 13:29:45 0 [Note] InnoDB: Number of pools: 1
2024-03-01 13:29:45 0 [Note] InnoDB: Using generic crc32 instructions
2024-03-01 13:29:45 0 [Note] mariadbd: O_TMPFILE is not supported on /var/tmp (disabling future attempts)
2024-03-01 13:29:45 0 [Note] InnoDB: Using Linux native AIO
2024-03-01 13:29:45 0 [Note] InnoDB: Initializing buffer pool, total size = 268435456, chunk size = 134217728
2024-03-01 13:29:45 0 [Note] InnoDB: Completed initialization of buffer pool
2024-03-01 13:29:55 0 [Note] InnoDB: 128 rollback segments are active.
2024-03-01 13:29:56 0 [Note] InnoDB: Creating shared tablespace for temporary tables
2024-03-01 13:29:56 0 [Note] InnoDB: Setting file './ibtmp1' size to 12 MB. Physically writing the file full; Please wait ...
2024-03-01 13:29:56 0 [Note] InnoDB: File './ibtmp1' size is now 12 MB.
2024-03-01 13:29:56 0 [Note] InnoDB: 10.5.17 started; log sequence number 938692; transaction id 957
2024-03-01 13:29:56 0 [Note] InnoDB: Loading buffer pool(s) from /config/databases/ib_buffer_pool
2024-03-01 13:29:56 0 [Note] Plugin 'FEEDBACK' is disabled.
2024-03-01 13:29:58 0 [Note] Server socket created on IP: '::'.
2024-03-01 13:29:59 0 [Note] InnoDB: Buffer pool(s) load completed at 240301 13:29:59
2024-03-01 13:30:00 0 [Note] Reading of all Master_info entries succeeded
2024-03-01 13:30:00 0 [Note] Added new Master_info '' to hash table
2024-03-01 13:30:00 0 [Note] /usr/bin/mariadbd: ready for connections.
Version: '10.5.17-MariaDB-log'  socket: '/run/mysqld/mysqld.sock'  port: 3306  MariaDB Server
240301 13:41:53 mysqld_safe Starting mariadbd daemon with databases from /config/databases
2024-03-01 13:41:57 0 [Note] /usr/bin/mariadbd (mysqld 10.5.17-MariaDB-log) starting as process 331 ...
2024-03-01 13:41:59 0 [Note] InnoDB: Uses event mutexes
2024-03-01 13:41:59 0 [Note] InnoDB: Compressed tables use zlib 1.2.12
2024-03-01 13:41:59 0 [Note] InnoDB: Number of pools: 1
2024-03-01 13:41:59 0 [Note] InnoDB: Using generic crc32 instructions
2024-03-01 13:41:59 0 [Note] mariadbd: O_TMPFILE is not supported on /var/tmp (disabling future attempts)
2024-03-01 13:41:59 0 [Note] InnoDB: Using Linux native AIO
2024-03-01 13:41:59 0 [Note] InnoDB: Initializing buffer pool, total size = 268435456, chunk size = 134217728
2024-03-01 13:41:59 0 [Note] InnoDB: Completed initialization of buffer pool
2024-03-01 13:42:00 0 [Note] InnoDB: Starting crash recovery from checkpoint LSN=938692,938692
2024-03-01 13:42:10 0 [Note] InnoDB: Last binlog file '/config/log/mysql/mariadb-bin.000012', position 1321
2024-03-01 13:42:10 0 [Note] InnoDB: 128 rollback segments are active.
2024-03-01 13:42:10 0 [Note] InnoDB: Removed temporary tablespace data file: "ibtmp1"
2024-03-01 13:42:10 0 [Note] InnoDB: Creating shared tablespace for temporary tables
2024-03-01 13:42:10 0 [Note] InnoDB: Setting file './ibtmp1' size to 12 MB. Physically writing the file full; Please wait ...
2024-03-01 13:42:10 0 [Note] InnoDB: File './ibtmp1' size is now 12 MB.
2024-03-01 13:42:10 0 [Note] InnoDB: 10.5.17 started; log sequence number 938704; transaction id 957
2024-03-01 13:42:10 0 [Note] InnoDB: Loading buffer pool(s) from /config/databases/ib_buffer_pool
2024-03-01 13:42:10 0 [Note] Plugin 'FEEDBACK' is disabled.
2024-03-01 13:42:11 0 [Note] Recovering after a crash using /config/log/mysql/mariadb-bin
2024-03-01 13:42:11 0 [Note] Starting crash recovery...
2024-03-01 13:42:11 0 [Note] Crash recovery finished.
2024-03-01 13:42:11 0 [Note] Server socket created on IP: '::'.
2024-03-01 13:42:12 0 [Note] InnoDB: Buffer pool(s) load completed at 240301 13:42:12
2024-03-01 13:42:13 0 [Note] Reading of all Master_info entries succeeded
2024-03-01 13:42:13 0 [Note] Added new Master_info '' to hash table
2024-03-01 13:42:13 0 [Note] /usr/bin/mariadbd: ready for connections.
Version: '10.5.17-MariaDB-log'  socket: '/run/mysqld/mysqld.sock'  port: 3306  MariaDB Server
2024-03-01 13:44:58 13 [Warning] Aborted connection 13 to db: 'repas' user: 'root' host: 'app_back.home_repas_de_la_semaine_repas' (Got an error reading communication packets)
2024-03-01 13:44:58 12 [Warning] Aborted connection 12 to db: 'repas' user: 'root' host: 'app_back.home_repas_de_la_semaine_repas' (Got an error reading communication packets)
2024-03-01 13:44:58 11 [Warning] Aborted connection 11 to db: 'repas' user: 'root' host: 'app_back.home_repas_de_la_semaine_repas' (Got an error reading communication packets)
2024-03-01 13:44:58 10 [Warning] Aborted connection 10 to db: 'repas' user: 'root' host: 'app_back.home_repas_de_la_semaine_repas' (Got an error reading communication packets)
2024-03-01 13:44:58 9 [Warning] Aborted connection 9 to db: 'repas' user: 'root' host: 'app_back.home_repas_de_la_semaine_repas' (Got an error reading communication packets)
2024-03-01 13:44:58 8 [Warning] Aborted connection 8 to db: 'repas' user: 'root' host: 'app_back.home_repas_de_la_semaine_repas' (Got an error reading communication packets)
2024-03-01 13:44:58 7 [Warning] Aborted connection 7 to db: 'repas' user: 'root' host: 'app_back.home_repas_de_la_semaine_repas' (Got an error reading communication packets)
2024-03-01 13:44:58 6 [Warning] Aborted connection 6 to db: 'repas' user: 'root' host: 'app_back.home_repas_de_la_semaine_repas' (Got an error reading communication packets)
2024-03-01 13:44:58 5 [Warning] Aborted connection 5 to db: 'repas' user: 'root' host: 'app_back.home_repas_de_la_semaine_repas' (Got an error reading communication packets)
2024-03-01 13:44:58 4 [Warning] Aborted connection 4 to db: 'repas' user: 'root' host: 'app_back.home_repas_de_la_semaine_repas' (Got an error reading communication packets)
2024-03-01 13:45:03 0 [Note] /usr/bin/mariadbd (initiated by: unknown): Normal shutdown
2024-03-01 13:45:03 0 [Note] Event Scheduler: Purging the queue. 0 events
2024-03-01 13:45:03 0 [Note] InnoDB: FTS optimize thread exiting.
2024-03-01 13:45:04 0 [Note] InnoDB: Starting shutdown...
2024-03-01 13:45:04 0 [Note] InnoDB: Dumping buffer pool(s) to /config/databases/ib_buffer_pool
2024-03-01 13:45:04 0 [Note] InnoDB: Buffer pool(s) dump completed at 240301 13:45:04
2024-03-01 13:45:05 0 [Note] InnoDB: Removed temporary tablespace data file: "ibtmp1"
2024-03-01 13:45:05 0 [Note] InnoDB: Shutdown completed; log sequence number 939026; transaction id 980
2024-03-01 13:45:05 0 [Note] /usr/bin/mariadbd: Shutdown complete

240301 13:45:05 mysqld_safe mysqld from pid file /var/run/mysqld/mysqld.pid ended
240301 13:45:56 mysqld_safe Starting mariadbd daemon with databases from /config/databases
2024-03-01 13:46:00 0 [Note] /usr/bin/mariadbd (mysqld 10.5.17-MariaDB-log) starting as process 330 ...
2024-03-01 13:46:01 0 [Note] InnoDB: Uses event mutexes
2024-03-01 13:46:01 0 [Note] InnoDB: Compressed tables use zlib 1.2.12
2024-03-01 13:46:01 0 [Note] InnoDB: Number of pools: 1
2024-03-01 13:46:01 0 [Note] InnoDB: Using generic crc32 instructions
2024-03-01 13:46:01 0 [Note] mariadbd: O_TMPFILE is not supported on /var/tmp (disabling future attempts)
2024-03-01 13:46:01 0 [Note] InnoDB: Using Linux native AIO
2024-03-01 13:46:01 0 [Note] InnoDB: Initializing buffer pool, total size = 268435456, chunk size = 134217728
2024-03-01 13:46:01 0 [Note] InnoDB: Completed initialization of buffer pool
2024-03-01 13:46:03 0 [Note] InnoDB: 128 rollback segments are active.
2024-03-01 13:46:04 0 [Note] InnoDB: Creating shared tablespace for temporary tables
2024-03-01 13:46:04 0 [Note] InnoDB: Setting file './ibtmp1' size to 12 MB. Physically writing the file full; Please wait ...
2024-03-01 13:46:04 0 [Note] InnoDB: File './ibtmp1' size is now 12 MB.
2024-03-01 13:46:04 0 [Note] InnoDB: 10.5.17 started; log sequence number 939026; transaction id 981
2024-03-01 13:46:04 0 [Note] InnoDB: Loading buffer pool(s) from /config/databases/ib_buffer_pool
2024-03-01 13:46:04 0 [Note] Plugin 'FEEDBACK' is disabled.
2024-03-01 13:46:04 0 [Note] Server socket created on IP: '::'.
2024-03-01 13:46:05 0 [Note] InnoDB: Buffer pool(s) load completed at 240301 13:46:05
2024-03-01 13:46:05 0 [Note] Reading of all Master_info entries succeeded
2024-03-01 13:46:05 0 [Note] Added new Master_info '' to hash table
2024-03-01 13:46:05 0 [Note] /usr/bin/mariadbd: ready for connections.
Version: '10.5.17-MariaDB-log'  socket: '/run/mysqld/mysqld.sock'  port: 3306  MariaDB Server
2024-03-01 13:56:12 11 [Warning] Aborted connection 11 to db: 'repas' user: 'root' host: 'app_back.home_repas_de_la_semaine_repas' (Got timeout reading communication packets)
2024-03-01 13:56:12 12 [Warning] Aborted connection 12 to db: 'repas' user: 'root' host: 'app_back.home_repas_de_la_semaine_repas' (Got timeout reading communication packets)
2024-03-01 13:56:12 6 [Warning] Aborted connection 6 to db: 'repas' user: 'root' host: 'app_back.home_repas_de_la_semaine_repas' (Got timeout reading communication packets)
2024-03-01 13:56:12 8 [Warning] Aborted connection 8 to db: 'repas' user: 'root' host: 'app_back.home_repas_de_la_semaine_repas' (Got timeout reading communication packets)
2024-03-01 13:56:12 4 [Warning] Aborted connection 4 to db: 'repas' user: 'root' host: 'app_back.home_repas_de_la_semaine_repas' (Got timeout reading communication packets)
2024-03-01 13:56:12 7 [Warning] Aborted connection 7 to db: 'repas' user: 'root' host: 'app_back.home_repas_de_la_semaine_repas' (Got timeout reading communication packets)
2024-03-01 13:56:12 10 [Warning] Aborted connection 10 to db: 'repas' user: 'root' host: 'app_back.home_repas_de_la_semaine_repas' (Got timeout reading communication packets)
2024-03-01 13:56:12 5 [Warning] Aborted connection 5 to db: 'repas' user: 'root' host: 'app_back.home_repas_de_la_semaine_repas' (Got timeout reading communication packets)
2024-03-01 13:56:12 13 [Warning] Aborted connection 13 to db: 'repas' user: 'root' host: 'app_back.home_repas_de_la_semaine_repas' (Got timeout reading communication packets)
2024-03-01 13:56:12 9 [Warning] Aborted connection 9 to db: 'repas' user: 'root' host: 'app_back.home_repas_de_la_semaine_repas' (Got timeout reading communication packets)
2024-03-01 13:58:36 32 [Warning] Aborted connection 32 to db: 'repas' user: 'root' host: 'app_back.home_repas_de_la_semaine_repas' (Got an error reading communication packets)
2024-03-01 13:58:36 33 [Warning] Aborted connection 33 to db: 'repas' user: 'root' host: 'app_back.home_repas_de_la_semaine_repas' (Got an error reading communication packets)
2024-03-01 13:58:36 35 [Warning] Aborted connection 35 to db: 'repas' user: 'root' host: 'app_back.home_repas_de_la_semaine_repas' (Got an error reading communication packets)
2024-03-01 13:58:36 38 [Warning] Aborted connection 38 to db: 'repas' user: 'root' host: 'app_back.home_repas_de_la_semaine_repas' (Got an error reading communication packets)
2024-03-01 13:58:36 31 [Warning] Aborted connection 31 to db: 'repas' user: 'root' host: 'app_back.home_repas_de_la_semaine_repas' (Got an error reading communication packets)
2024-03-01 13:58:36 37 [Warning] Aborted connection 37 to db: 'repas' user: 'root' host: 'app_back.home_repas_de_la_semaine_repas' (Got an error reading communication packets)
2024-03-01 13:58:36 30 [Warning] Aborted connection 30 to db: 'repas' user: 'root' host: 'app_back.home_repas_de_la_semaine_repas' (Got an error reading communication packets)
2024-03-01 13:58:36 36 [Warning] Aborted connection 36 to db: 'repas' user: 'root' host: 'app_back.home_repas_de_la_semaine_repas' (Got an error reading communication packets)
2024-03-01 13:58:36 34 [Warning] Aborted connection 34 to db: 'repas' user: 'root' host: 'app_back.home_repas_de_la_semaine_repas' (Got an error reading communication packets)
2024-03-01 13:58:36 39 [Warning] Aborted connection 39 to db: 'repas' user: 'root' host: 'app_back.home_repas_de_la_semaine_repas' (Got an error reading communication packets)
2024-03-01 13:58:40 0 [Note] /usr/bin/mariadbd (initiated by: unknown): Normal shutdown
2024-03-01 13:58:40 0 [Note] Event Scheduler: Purging the queue. 0 events
2024-03-01 13:58:41 0 [Note] InnoDB: FTS optimize thread exiting.
2024-03-01 13:58:41 0 [ERROR] mariadbd: File '/config/log/mysql/mariadb-bin.state' not found (Errcode: 13 "Permission denied")
2024-03-01 13:58:41 0 [ERROR] Error writing binlog state to file '/config/log/mysql/mariadb-bin.state'.
2024-03-01 13:58:41 0 [ERROR] Failed to save binlog GTID state during shutdown. Binlog will be marked as crashed, so that crash recovery can recover the state at next server startup.
240301 14:24:06 mysqld_safe Starting mariadbd daemon with databases from /config/databases
2024-03-01 14:24:11 0 [Note] /usr/bin/mariadbd (mysqld 10.5.17-MariaDB-log) starting as process 325 ...
2024-03-01 14:24:12 0 [Note] InnoDB: Uses event mutexes
2024-03-01 14:24:12 0 [Note] InnoDB: Compressed tables use zlib 1.2.12
2024-03-01 14:24:12 0 [Note] InnoDB: Number of pools: 1
2024-03-01 14:24:12 0 [Note] InnoDB: Using generic crc32 instructions
2024-03-01 14:24:12 0 [Note] mariadbd: O_TMPFILE is not supported on /var/tmp (disabling future attempts)
2024-03-01 14:24:12 0 [Note] InnoDB: Using Linux native AIO
2024-03-01 14:24:12 0 [Note] InnoDB: Initializing buffer pool, total size = 268435456, chunk size = 134217728
2024-03-01 14:24:12 0 [Note] InnoDB: Completed initialization of buffer pool
2024-03-01 14:24:12 0 [Note] InnoDB: Starting crash recovery from checkpoint LSN=939026,939026
2024-03-01 14:24:15 0 [Note] InnoDB: Starting final batch to recover 1 pages from redo log.
2024-03-01 14:24:15 0 [Note] InnoDB: Last binlog file '/config/log/mysql/mariadb-bin.000015', position 631
2024-03-01 14:24:15 0 [Note] InnoDB: 128 rollback segments are active.
2024-03-01 14:24:15 0 [Note] InnoDB: Removed temporary tablespace data file: "ibtmp1"
2024-03-01 14:24:15 0 [Note] InnoDB: Creating shared tablespace for temporary tables
2024-03-01 14:24:15 0 [Note] InnoDB: Setting file './ibtmp1' size to 12 MB. Physically writing the file full; Please wait ...
2024-03-01 14:24:15 0 [Note] InnoDB: File './ibtmp1' size is now 12 MB.
2024-03-01 14:24:15 0 [Note] InnoDB: 10.5.17 started; log sequence number 939285; transaction id 1005
2024-03-01 14:24:15 0 [Note] InnoDB: Loading buffer pool(s) from /config/databases/ib_buffer_pool
2024-03-01 14:24:15 0 [Note] Plugin 'FEEDBACK' is disabled.
2024-03-01 14:24:16 0 [Note] Recovering after a crash using /config/log/mysql/mariadb-bin
2024-03-01 14:24:16 0 [Note] Starting crash recovery...
2024-03-01 14:24:16 0 [Note] Crash recovery finished.
2024-03-01 14:24:17 0 [Note] Server socket created on IP: '::'.
2024-03-01 14:24:17 0 [Note] InnoDB: Buffer pool(s) load completed at 240301 14:24:17
2024-03-01 14:24:18 0 [Note] Reading of all Master_info entries succeeded
2024-03-01 14:24:18 0 [Note] Added new Master_info '' to hash table
2024-03-01 14:24:18 0 [Note] /usr/bin/mariadbd: ready for connections.
Version: '10.5.17-MariaDB-log'  socket: '/run/mysqld/mysqld.sock'  port: 3306  MariaDB Server
2024-03-01 14:34:24 4 [Warning] Aborted connection 4 to db: 'repas' user: 'root' host: 'app_back.home_repas_de_la_semaine_repas' (Got timeout reading communication packets)
2024-03-01 14:34:24 5 [Warning] Aborted connection 5 to db: 'repas' user: 'root' host: 'app_back.home_repas_de_la_semaine_repas' (Got timeout reading communication packets)
2024-03-01 14:34:24 8 [Warning] Aborted connection 8 to db: 'repas' user: 'root' host: 'app_back.home_repas_de_la_semaine_repas' (Got timeout reading communication packets)
2024-03-01 14:34:24 11 [Warning] Aborted connection 11 to db: 'repas' user: 'root' host: 'app_back.home_repas_de_la_semaine_repas' (Got timeout reading communication packets)
2024-03-01 14:34:24 6 [Warning] Aborted connection 6 to db: 'repas' user: 'root' host: 'app_back.home_repas_de_la_semaine_repas' (Got timeout reading communication packets)
2024-03-01 14:34:24 9 [Warning] Aborted connection 9 to db: 'repas' user: 'root' host: 'app_back.home_repas_de_la_semaine_repas' (Got timeout reading communication packets)
2024-03-01 14:34:24 7 [Warning] Aborted connection 7 to db: 'repas' user: 'root' host: 'app_back.home_repas_de_la_semaine_repas' (Got timeout reading communication packets)
2024-03-01 14:34:24 10 [Warning] Aborted connection 10 to db: 'repas' user: 'root' host: 'app_back.home_repas_de_la_semaine_repas' (Got timeout reading communication packets)
2024-03-01 14:34:24 12 [Warning] Aborted connection 12 to db: 'repas' user: 'root' host: 'app_back.home_repas_de_la_semaine_repas' (Got timeout reading communication packets)
2024-03-01 14:34:24 13 [Warning] Aborted connection 13 to db: 'repas' user: 'root' host: 'app_back.home_repas_de_la_semaine_repas' (Got timeout reading communication packets)
2024-03-01 14:44:24 14 [Warning] Aborted connection 14 to db: 'repas' user: 'root' host: 'app_back.home_repas_de_la_semaine_repas' (Got timeout reading communication packets)
2024-03-01 14:44:25 22 [Warning] Aborted connection 22 to db: 'repas' user: 'root' host: 'app_back.home_repas_de_la_semaine_repas' (Got timeout reading communication packets)
2024-03-01 14:44:25 16 [Warning] Aborted connection 16 to db: 'repas' user: 'root' host: 'app_back.home_repas_de_la_semaine_repas' (Got timeout reading communication packets)
2024-03-01 14:44:25 17 [Warning] Aborted connection 17 to db: 'repas' user: 'root' host: 'app_back.home_repas_de_la_semaine_repas' (Got timeout reading communication packets)
2024-03-01 14:44:25 21 [Warning] Aborted connection 21 to db: 'repas' user: 'root' host: 'app_back.home_repas_de_la_semaine_repas' (Got timeout reading communication packets)
2024-03-01 14:44:25 20 [Warning] Aborted connection 20 to db: 'repas' user: 'root' host: 'app_back.home_repas_de_la_semaine_repas' (Got timeout reading communication packets)
2024-03-01 14:44:25 15 [Warning] Aborted connection 15 to db: 'repas' user: 'root' host: 'app_back.home_repas_de_la_semaine_repas' (Got timeout reading communication packets)
2024-03-01 14:44:25 18 [Warning] Aborted connection 18 to db: 'repas' user: 'root' host: 'app_back.home_repas_de_la_semaine_repas' (Got timeout reading communication packets)
2024-03-01 14:44:25 19 [Warning] Aborted connection 19 to db: 'repas' user: 'root' host: 'app_back.home_repas_de_la_semaine_repas' (Got timeout reading communication packets)
2024-03-01 14:44:25 23 [Warning] Aborted connection 23 to db: 'repas' user: 'root' host: 'app_back.home_repas_de_la_semaine_repas' (Got timeout reading communication packets)
